This is pdfeTeX, Version 3.141592-1.21a-2.2 (MiKTeX 2.4) (preloaded format=latex 2010.3.16)  17 MAR 2010 10:33
entering extended mode
**mypdf.tex
(mypdf.tex
LaTeX2e <2005/12/01>
Babel <v3.8g> and hyphenation patterns for english, dumylang, nohyphenation, ge
rman, ngerman, french, loaded.
(D:\CTeX\texmf\tex\latex\base\article.cls
Document Class: article 2005/09/16 v1.4f Standard LaTeX document class
(D:\CTeX\texmf\tex\latex\base\size10.clo
File: size10.clo 2005/09/16 v1.4f Standard LaTeX file (size option)
)
\c@part=\count79
\c@section=\count80
\c@subsection=\count81
\c@subsubsection=\count82
\c@paragraph=\count83
\c@subparagraph=\count84
\c@figure=\count85
\c@table=\count86
\abovecaptionskip=\skip41
\belowcaptionskip=\skip42
\bibindent=\dimen102
) (mypdf.aux)
LaTeX Font Info:    Checking defaults for OML/cmm/m/it on input line 3.
LaTeX Font Info:    ... okay on input line 3.
LaTeX Font Info:    Checking defaults for T1/cmr/m/n on input line 3.
LaTeX Font Info:    ... okay on input line 3.
LaTeX Font Info:    Checking defaults for OT1/cmr/m/n on input line 3.
LaTeX Font Info:    ... okay on input line 3.
LaTeX Font Info:    Checking defaults for OMS/cmsy/m/n on input line 3.
LaTeX Font Info:    ... okay on input line 3.
LaTeX Font Info:    Checking defaults for OMX/cmex/m/n on input line 3.
LaTeX Font Info:    ... okay on input line 3.
LaTeX Font Info:    Checking defaults for U/cmr/m/n on input line 3.
LaTeX Font Info:    ... okay on input line 3.
 (myout.tex
LaTeX Font Info:    External font `cmex10' loaded for size
(Font)              <7> on input line 3.
LaTeX Font Info:    External font `cmex10' loaded for size
(Font)              <5> on input line 3.
LaTeX Font Info:    External font `cmex10' loaded for size
(Font)              <8> on input line 26.
LaTeX Font Info:    External font `cmex10' loaded for size
(Font)              <6> on input line 26.
) [1

{psfonts.map}] (mypdf.aux) ) 
Here is how much of TeX's memory you used:
 241 strings out of 95503
 2282 string characters out of 1189277
 47462 words of memory out of 1049626
 3410 multiletter control sequences out of 60000
 5815 words of font info for 21 fonts, out of 1000000 for 2000
 14 hyphenation exceptions out of 8191
 24i,8n,17p,187b,261s stack positions out of 5000i,500n,10000p,200000b,32768s
PDF statistics:
 25 PDF objects out of 300000
 0 named destinations out of 300000
 1 words of extra memory for PDF output out of 65536
<D:\CTeX\texmf\fonts\type1\bluesky\cm\cmmi8.pfb><D:
\CTeX\texmf\fonts\type1\bluesky\cm\cmsy6.pfb><D:\CTeX\texmf\fonts\type1\bluesky
\cm\cmr8.pfb><D:\CTeX\texmf\fonts\type1\bluesky\cm\cmti8.pfb><D:\CTeX\texmf\fon
ts\type1\bluesky\cm\cmmi10.pfb><D:\CTeX\texmf\fonts\type1\bluesky\cm\cmsy7.pfb>
<D:\CTeX\texmf\fonts\type1\bluesky\cm\cmr10.pfb>
Output written on mypdf.pdf (1 page, 26180 bytes).
