
  ___  ____  ____  ____  ____ (R)
 /__    /   ____/   /   ____/
___/   /   /___/   /   /___/   14.0   Copyright 1985-2015 StataCorp LP
  Statistics/Data Analysis            StataCorp
                                      4905 Lakeway Drive
     MP - Parallel Edition            College Station, Texas 77845 USA
                                      800-STATA-PC        http://www.stata.com
                                      979-696-4600        stata@stata.com
                                      979-696-4601 (fax)

Single-user 8-core Stata perpetual license:
       Serial number:  10699393
         Licensed to:  mac
                       

Notes:
      1.  Stata is running in batch mode.
      2.  Unicode is supported; see help unicode_advice.
      3.  More than 2 billion observations are allowed; see help obs_advice.
      4.  Maximum number of variables is set to 5000; see help set_maxvar.

. do /Users/mac/.ipython/stata/code.do 

. clear

. set more off

. set linesize 200

. log using "/Users/mac/.ipython/stata/log_output.log", text replace
--------------------------------------------------------------------------------------------------------------------------------------------------------------------------------------------------------
      name:  <unnamed>
       log:  /Users/mac/.ipython/stata/log_output.log
  log type:  text
 opened on:   4 Feb 2020, 15:39:16

. use MEAP01

. 
. log close
      name:  <unnamed>
       log:  /Users/mac/.ipython/stata/log_output.log
  log type:  text
 closed on:   4 Feb 2020, 15:39:16
--------------------------------------------------------------------------------------------------------------------------------------------------------------------------------------------------------

. save "/Users/mac/.ipython/stata/data_output.dta", replace 
file /Users/mac/.ipython/stata/data_output.dta saved

. 
. 
end of do-file
