This is pdfeTeX, Version 3.141592-1.21a-2.2 (MiKTeX 2.4) (preloaded format=latex 2010.3.16)  17 MAR 2010 10:42
entering extended mode
**mylogout.tex
(mylogout.tex
LaTeX2e <2005/12/01>
Babel <v3.8g> and hyphenation patterns for english, dumylang, nohyphenation, ge
rman, ngerman, french, loaded.
(D:\CTeX\texmf\tex\latex\base\article.cls
Document Class: article 2005/09/16 v1.4f Standard LaTeX document class
(D:\CTeX\texmf\tex\latex\base\size10.clo
File: size10.clo 2005/09/16 v1.4f Standard LaTeX file (size option)
)
\c@part=\count79
\c@section=\count80
\c@subsection=\count81
\c@subsubsection=\count82
\c@paragraph=\count83
\c@subparagraph=\count84
\c@figure=\count85
\c@table=\count86
\abovecaptionskip=\skip41
\belowcaptionskip=\skip42
\bibindent=\dimen102
) (mylogout.aux)
LaTeX Font Info:    Checking defaults for OML/cmm/m/it on input line 3.
LaTeX Font Info:    ... okay on input line 3.
LaTeX Font Info:    Checking defaults for T1/cmr/m/n on input line 3.
LaTeX Font Info:    ... okay on input line 3.
LaTeX Font Info:    Checking defaults for OT1/cmr/m/n on input line 3.
LaTeX Font Info:    ... okay on input line 3.
LaTeX Font Info:    Checking defaults for OMS/cmsy/m/n on input line 3.
LaTeX Font Info:    ... okay on input line 3.
LaTeX Font Info:    Checking defaults for OMX/cmex/m/n on input line 3.
LaTeX Font Info:    ... okay on input line 3.
LaTeX Font Info:    Checking defaults for U/cmr/m/n on input line 3.
LaTeX Font Info:    ... okay on input line 3.
LaTeX Font Info:    External font `cmex10' loaded for size
(Font)              <7> on input line 5.
LaTeX Font Info:    External font `cmex10' loaded for size
(Font)              <5> on input line 5.
Missing character: There is no Ä in font cmr8!
Missing character: There is no £ in font cmr8!
Missing character: There is no Ð in font cmr8!
Missing character: There is no Í in font cmr8!
Missing character: There is no Ä in font cmr8!
Missing character: There is no £ in font cmr8!
Missing character: There is no Ð in font cmr8!
Missing character: There is no Í in font cmr8!
Missing character: There is no Ä in font cmr8!
Missing character: There is no £ in font cmr8!
Missing character: There is no Ð in font cmr8!
Missing character: There is no Í in font cmr8!
 [1

{psfonts.map}]
(mylogout.aux) ) 
Here is how much of TeX's memory you used:
 220 strings out of 95503
 2142 string characters out of 1189277
 47974 words of memory out of 1049626
 3401 multiletter control sequences out of 60000
 3939 words of font info for 15 fonts, out of 1000000 for 2000
 14 hyphenation exceptions out of 8191
 23i,7n,17p,190b,192s stack positions out of 5000i,500n,10000p,200000b,32768s
PDF statistics:
 13 PDF objects out of 300000
 0 named destinations out of 300000
 1 words of extra memory for PDF output out of 65536
<D:\CTeX\texmf\fonts\type1\bluesky\cm\cmmi10.pfb><D:\CTeX\texmf
\fonts\type1\bluesky\cm\cmr8.pfb><D:\CTeX\texmf\fonts\type1\bluesky\cm\cmr10.pf
b>
Output written on mylogout.pdf (1 page, 18243 bytes).
